{"/Users/juliankuroiwa/Desktop/test-jest/src/main.js": {"path":"/Users/juliankuroiwa/Desktop/test-jest/src/main.js","statementMap":{"0":{"start":{"line":1,"column":17},"end":{"line":15,"column":1}},"1":{"start":{"line":2,"column":1},"end":{"line":4,"column":2}},"2":{"start":{"line":3,"column":2},"end":{"line":3,"column":20}},"3":{"start":{"line":6,"column":1},"end":{"line":8,"column":2}},"4":{"start":{"line":7,"column":2},"end":{"line":7,"column":16}},"5":{"start":{"line":10,"column":1},"end":{"line":12,"column":2}},"6":{"start":{"line":11,"column":2},"end":{"line":11,"column":15}},"7":{"start":{"line":14,"column":1},"end":{"line":14,"column":12}}},"fnMap":{"0":{"name":"(anonymous_0)","decl":{"start":{"line":1,"column":17},"end":{"line":1,"column":18}},"loc":{"start":{"line":1,"column":24},"end":{"line":15,"column":1}},"line":1}},"branchMap":{"0":{"loc":{"start":{"line":2,"column":1},"end":{"line":4,"column":2}},"type":"if","locations":[{"start":{"line":2,"column":1},"end":{"line":4,"column":2}},{"start":{"line":2,"column":1},"end":{"line":4,"column":2}}],"line":2},"1":{"loc":{"start":{"line":2,"column":4},"end":{"line":2,"column":34}},"type":"binary-expr","locations":[{"start":{"line":2,"column":4},"end":{"line":2,"column":17}},{"start":{"line":2,"column":21},"end":{"line":2,"column":34}}],"line":2},"2":{"loc":{"start":{"line":6,"column":1},"end":{"line":8,"column":2}},"type":"if","locations":[{"start":{"line":6,"column":1},"end":{"line":8,"column":2}},{"start":{"line":6,"column":1},"end":{"line":8,"column":2}}],"line":6},"3":{"loc":{"start":{"line":10,"column":1},"end":{"line":12,"column":2}},"type":"if","locations":[{"start":{"line":10,"column":1},"end":{"line":12,"column":2}},{"start":{"line":10,"column":1},"end":{"line":12,"column":2}}],"line":10}},"s":{"0":1,"1":4,"2":1,"3":3,"4":1,"5":2,"6":1,"7":1},"f":{"0":4},"b":{"0":[1,3],"1":[4,2],"2":[1,2],"3":[1,1]},"_coverageSchema":"1a1c01bbd47fc00a2c39e90264f33305004495a9","hash":"26b7964ae69f68203c63de667f5f122b1c821761"}
}
